2026-05-23T15:24:07.667+05:30  INFO 2684 --- [farm-gear-connect] [main] c.f.FarmGearConnectApplication           : Starting FarmGearConnectApplication using Java 17.0.12 with PID 2684 (C:\Users\Asus\Documents\Farm-gear_testout - kiro\backend\target\classes started by Asus in C:\Users\Asus\Documents\Farm-gear_testout - kiro\backend)
2026-05-23T15:24:07.674+05:30  INFO 2684 --- [farm-gear-connect] [main] c.f.FarmGearConnectApplication           : No active profile set, falling back to 1 default profile: "default"
2026-05-23T15:24:09.678+05:30  INFO 2684 --- [farm-gear-connect] [main] .s.d.r.c.RepositoryConfigurationDelegate : Multiple Spring Data modules found, entering strict repository configuration mode
2026-05-23T15:24:09.682+05:30  INFO 2684 --- [farm-gear-connect] [main] .s.d.r.c.RepositoryConfigurationDelegate : Bootstrapping Spring Data JPA repositories in DEFAULT mode.
2026-05-23T15:24:09.952+05:30  INFO 2684 --- [farm-gear-connect] [main] .s.d.r.c.RepositoryConfigurationDelegate : Finished Spring Data repository scanning in 260 ms. Found 12 JPA repository interfaces.
2026-05-23T15:24:09.973+05:30  INFO 2684 --- [farm-gear-connect] [main] .s.d.r.c.RepositoryConfigurationDelegate : Multiple Spring Data modules found, entering strict repository configuration mode
2026-05-23T15:24:09.974+05:30  INFO 2684 --- [farm-gear-connect] [main] .s.d.r.c.RepositoryConfigurationDelegate : Bootstrapping Spring Data Redis repositories in DEFAULT mode.
2026-05-23T15:24:09.996+05:30  INFO 2684 --- [farm-gear-connect] [main] .RepositoryConfigurationExtensionSupport : Spring Data Redis - Could not safely identify store assignment for repository candidate interface com.farmgearconnect.repository.AuditLogRepository; If you want this repository to be a Redis repository, consider annotating your entities with one of these annotations: org.springframework.data.redis.core.RedisHash (preferred), or consider extending one of the following types with your repository: org.springframework.data.keyvalue.repository.KeyValueRepository
2026-05-23T15:24:09.999+05:30  INFO 2684 --- [farm-gear-connect] [main] .RepositoryConfigurationExtensionSupport : Spring Data Redis - Could not safely identify store assignment for repository candidate interface com.farmgearconnect.repository.BookingRepository; If you want this repository to be a Redis repository, consider annotating your entities with one of these annotations: org.springframework.data.redis.core.RedisHash (preferred), or consider extending one of the following types with your repository: org.springframework.data.keyvalue.repository.KeyValueRepository
2026-05-23T15:24:10.000+05:30  INFO 2684 --- [farm-gear-connect] [main] .RepositoryConfigurationExtensionSupport : Spring Data Redis - Could not safely identify store assignment for repository candidate interface com.farmgearconnect.repository.CouponRepository; If you want this repository to be a Redis repository, consider annotating your entities with one of these annotations: org.springframework.data.redis.core.RedisHash (preferred), or consider extending one of the following types with your repository: org.springframework.data.keyvalue.repository.KeyValueRepository
2026-05-23T15:24:10.001+05:30  INFO 2684 --- [farm-gear-connect] [main] .RepositoryConfigurationExtensionSupport : Spring Data Redis - Could not safely identify store assignment for repository candidate interface com.farmgearconnect.repository.EquipmentImageRepository; If you want this repository to be a Redis repository, consider annotating your entities with one of these annotations: org.springframework.data.redis.core.RedisHash (preferred), or consider extending one of the following types with your repository: org.springframework.data.keyvalue.repository.KeyValueRepository
2026-05-23T15:24:10.002+05:30  INFO 2684 --- [farm-gear-connect] [main] .RepositoryConfigurationExtensionSupport : Spring Data Redis - Could not safely identify store assignment for repository candidate interface com.farmgearconnect.repository.EquipmentRepository; If you want this repository to be a Redis repository, consider annotating your entities with one of these annotations: org.springframework.data.redis.core.RedisHash (preferred), or consider extending one of the following types with your repository: org.springframework.data.keyvalue.repository.KeyValueRepository
2026-05-23T15:24:10.003+05:30  INFO 2684 --- [farm-gear-connect] [main] .RepositoryConfigurationExtensionSupport : Spring Data Redis - Could not safely identify store assignment for repository candidate interface com.farmgearconnect.repository.MessageRepository; If you want this repository to be a Redis repository, consider annotating your entities with one of these annotations: org.springframework.data.redis.core.RedisHash (preferred), or consider extending one of the following types with your repository: org.springframework.data.keyvalue.repository.KeyValueRepository
2026-05-23T15:24:10.004+05:30  INFO 2684 --- [farm-gear-connect] [main] .RepositoryConfigurationExtensionSupport : Spring Data Redis - Could not safely identify store assignment for repository candidate interface com.farmgearconnect.repository.NotificationRepository; If you want this repository to be a Redis repository, consider annotating your entities with one of these annotations: org.springframework.data.redis.core.RedisHash (preferred), or consider extending one of the following types with your repository: org.springframework.data.keyvalue.repository.KeyValueRepository
2026-05-23T15:24:10.006+05:30  INFO 2684 --- [farm-gear-connect] [main] .RepositoryConfigurationExtensionSupport : Spring Data Redis - Could not safely identify store assignment for repository candidate interface com.farmgearconnect.repository.OtpVerificationRepository; If you want this repository to be a Redis repository, consider annotating your entities with one of these annotations: org.springframework.data.redis.core.RedisHash (preferred), or consider extending one of the following types with your repository: org.springframework.data.keyvalue.repository.KeyValueRepository
2026-05-23T15:24:10.006+05:30  INFO 2684 --- [farm-gear-connect] [main] .RepositoryConfigurationExtensionSupport : Spring Data Redis - Could not safely identify store assignment for repository candidate interface com.farmgearconnect.repository.RefreshTokenRepository; If you want this repository to be a Redis repository, consider annotating your entities with one of these annotations: org.springframework.data.redis.core.RedisHash (preferred), or consider extending one of the following types with your repository: org.springframework.data.keyvalue.repository.KeyValueRepository
2026-05-23T15:24:10.008+05:30  INFO 2684 --- [farm-gear-connect] [main] .RepositoryConfigurationExtensionSupport : Spring Data Redis - Could not safely identify store assignment for repository candidate interface com.farmgearconnect.repository.ReviewRepository; If you want this repository to be a Redis repository, consider annotating your entities with one of these annotations: org.springframework.data.redis.core.RedisHash (preferred), or consider extending one of the following types with your repository: org.springframework.data.keyvalue.repository.KeyValueRepository
2026-05-23T15:24:10.009+05:30  INFO 2684 --- [farm-gear-connect] [main] .RepositoryConfigurationExtensionSupport : Spring Data Redis - Could not safely identify store assignment for repository candidate interface com.farmgearconnect.repository.SubscriptionRepository; If you want this repository to be a Redis repository, consider annotating your entities with one of these annotations: org.springframework.data.redis.core.RedisHash (preferred), or consider extending one of the following types with your repository: org.springframework.data.keyvalue.repository.KeyValueRepository
2026-05-23T15:24:10.012+05:30  INFO 2684 --- [farm-gear-connect] [main] .RepositoryConfigurationExtensionSupport : Spring Data Redis - Could not safely identify store assignment for repository candidate interface com.farmgearconnect.repository.UserRepository; If you want this repository to be a Redis repository, consider annotating your entities with one of these annotations: org.springframework.data.redis.core.RedisHash (preferred), or consider extending one of the following types with your repository: org.springframework.data.keyvalue.repository.KeyValueRepository
2026-05-23T15:24:10.013+05:30  INFO 2684 --- [farm-gear-connect] [main] .s.d.r.c.RepositoryConfigurationDelegate : Finished Spring Data repository scanning in 26 ms. Found 0 Redis repository interfaces.
2026-05-23T15:24:11.091+05:30  INFO 2684 --- [farm-gear-connect] [main] o.s.b.w.embedded.tomcat.TomcatWebServer  : Tomcat initialized with port 8080 (http)
2026-05-23T15:24:11.108+05:30  INFO 2684 --- [farm-gear-connect] [main] o.apache.catalina.core.StandardService   : Starting service [Tomcat]
2026-05-23T15:24:11.108+05:30  INFO 2684 --- [farm-gear-connect] [main] o.apache.catalina.core.StandardEngine    : Starting Servlet engine: [Apache Tomcat/10.1.19]
2026-05-23T15:24:11.205+05:30  INFO 2684 --- [farm-gear-connect] [main] o.a.c.c.C.[Tomcat].[localhost].[/api]    : Initializing Spring embedded WebApplicationContext
2026-05-23T15:24:11.205+05:30  INFO 2684 --- [farm-gear-connect] [main] w.s.c.ServletWebServerApplicationContext : Root WebApplicationContext: initialization completed in 3435 ms
2026-05-23T15:24:11.552+05:30  INFO 2684 --- [farm-gear-connect] [main] com.zaxxer.hikari.HikariDataSource       : HikariPool-1 - Starting...
2026-05-23T15:24:11.932+05:30  INFO 2684 --- [farm-gear-connect] [main] com.zaxxer.hikari.pool.HikariPool        : HikariPool-1 - Added connection com.mysql.cj.jdbc.ConnectionImpl@249a45fd
2026-05-23T15:24:11.932+05:30  INFO 2684 --- [farm-gear-connect] [main] com.zaxxer.hikari.HikariDataSource       : HikariPool-1 - Start completed.
2026-05-23T15:24:12.053+05:30  INFO 2684 --- [farm-gear-connect] [main] o.f.c.internal.license.VersionPrinter    : Flyway Community Edition 9.22.3 by Redgate
2026-05-23T15:24:12.053+05:30  INFO 2684 --- [farm-gear-connect] [main] o.f.c.internal.license.VersionPrinter    : See release notes here: https://rd.gt/416ObMi
2026-05-23T15:24:12.053+05:30  INFO 2684 --- [farm-gear-connect] [main] o.f.c.internal.license.VersionPrinter    : 
2026-05-23T15:24:12.119+05:30  INFO 2684 --- [farm-gear-connect] [main] org.flywaydb.core.FlywayExecutor         : Database: jdbc:mysql://localhost:3306/farmgearconnect (MySQL 8.0)
2026-05-23T15:24:12.357+05:30  INFO 2684 --- [farm-gear-connect] [main] o.f.core.internal.command.DbMigrate      : Current version of schema `farmgearconnect`: 4
2026-05-23T15:24:12.367+05:30  INFO 2684 --- [farm-gear-connect] [main] o.f.core.internal.command.DbMigrate      : Schema `farmgearconnect` is up to date. No migration necessary.
2026-05-23T15:24:12.526+05:30  INFO 2684 --- [farm-gear-connect] [main] o.hibernate.jpa.internal.util.LogHelper  : HHH000204: Processing PersistenceUnitInfo [name: default]
2026-05-23T15:24:12.615+05:30  INFO 2684 --- [farm-gear-connect] [main] org.hibernate.Version                    : HHH000412: Hibernate ORM core version 6.4.4.Final
2026-05-23T15:24:12.662+05:30  INFO 2684 --- [farm-gear-connect] [main] o.h.c.internal.RegionFactoryInitiator    : HHH000026: Second-level cache disabled
2026-05-23T15:24:12.996+05:30  INFO 2684 --- [farm-gear-connect] [main] o.s.o.j.p.SpringPersistenceUnitInfo      : No LoadTimeWeaver setup: ignoring JPA class transformer
2026-05-23T15:24:13.118+05:30  WARN 2684 --- [farm-gear-connect] [main] org.hibernate.orm.deprecation            : HHH90000025: MySQLDialect does not need to be specified explicitly using 'hibernate.dialect' (remove the property setting and it will be selected by default)
2026-05-23T15:24:13.162+05:30  WARN 2684 --- [farm-gear-connect] [main] org.hibernate.orm.incubating             : HHH90006001: Encountered incubating setting [hibernate.type.preferred_uuid_jdbc_type].  See javadoc on corresponding `org.hibernate.cfg.AvailableSettings` constant for details.
2026-05-23T15:24:13.687+05:30  WARN 2684 --- [farm-gear-connect] [main] org.hibernate.orm.incubating             : HHH90006001: Encountered incubating setting [hibernate.type.preferred_uuid_jdbc_type].  See javadoc on corresponding `org.hibernate.cfg.AvailableSettings` constant for details.
2026-05-23T15:24:15.131+05:30  INFO 2684 --- [farm-gear-connect] [main] o.h.e.t.j.p.i.JtaPlatformInitiator       : HHH000489: No JTA platform available (set 'hibernate.transaction.jta.platform' to enable JTA platform integration)
2026-05-23T15:24:15.136+05:30  INFO 2684 --- [farm-gear-connect] [main] j.LocalContainerEntityManagerFactoryBean : Initialized JPA EntityManagerFactory for persistence unit 'default'
2026-05-23T15:24:15.672+05:30  INFO 2684 --- [farm-gear-connect] [main] o.s.d.j.r.query.QueryEnhancerFactory     : Hibernate is in classpath; If applicable, HQL parser will be used.
2026-05-23T15:24:17.554+05:30  INFO 2684 --- [farm-gear-connect] [main] com.farmgearconnect.config.MailConfig    : Mail configured with trust-all SSL factory for host: mail.prizmabrixx.com
2026-05-23T15:24:18.045+05:30  INFO 2684 --- [farm-gear-connect] [main] c.farmgearconnect.config.StorageConfig   : Initializing MinIO client with endpoint: http://localhost:9000
2026-05-23T15:24:18.332+05:30  WARN 2684 --- [farm-gear-connect] [main] JpaBaseConfiguration$JpaWebConfiguration : spring.jpa.open-in-view is enabled by default. Therefore, database queries may be performed during view rendering. Explicitly configure spring.jpa.open-in-view to disable this warning
2026-05-23T15:24:18.814+05:30  INFO 2684 --- [farm-gear-connect] [main] o.s.b.a.e.web.EndpointLinksResolver      : Exposing 3 endpoint(s) beneath base path '/actuator'
2026-05-23T15:24:20.198+05:30  INFO 2684 --- [farm-gear-connect] [main] o.s.b.w.embedded.tomcat.TomcatWebServer  : Tomcat started on port 8080 (http) with context path '/api'
2026-05-23T15:24:20.202+05:30  INFO 2684 --- [farm-gear-connect] [main] o.s.m.s.b.SimpleBrokerMessageHandler     : Starting...
2026-05-23T15:24:20.202+05:30  INFO 2684 --- [farm-gear-connect] [main] o.s.m.s.b.SimpleBrokerMessageHandler     : BrokerAvailabilityEvent[available=true, SimpleBrokerMessageHandler [org.springframework.messaging.simp.broker.DefaultSubscriptionRegistry@1f795106]]
2026-05-23T15:24:20.202+05:30  INFO 2684 --- [farm-gear-connect] [main] o.s.m.s.b.SimpleBrokerMessageHandler     : Started.
2026-05-23T15:24:20.219+05:30  INFO 2684 --- [farm-gear-connect] [main] c.f.FarmGearConnectApplication           : Started FarmGearConnectApplication in 13.321 seconds (process running for 13.98)
2026-05-23T15:25:20.145+05:30  INFO 2684 --- [farm-gear-connect] [MessageBroker-1] o.s.w.s.c.WebSocketMessageBrokerStats    : WebSocketSession[0 current WS(0)-HttpStream(0)-HttpPoll(0), 0 total, 0 closed abnormally (0 connect failure, 0 send limit, 0 transport error)], stompSubProtocol[processed CONNECT(0)-CONNECTED(0)-DISCONNECT(0)], stompBrokerRelay[null], inboundChannel[pool size = 0, active threads = 0, queued tasks = 0, completed tasks = 0], outboundChannel[pool size = 0, active threads = 0, queued tasks = 0, completed tasks = 0], sockJsScheduler[pool size = 1, active threads = 1, queued tasks = 0, completed tasks = 0]
2026-05-23T15:25:40.240+05:30  INFO 2684 --- [farm-gear-connect] [http-nio-8080-exec-6] o.apache.tomcat.util.http.parser.Cookie  : A cookie header was received [g_state={"i_l":0,"i_ll":1776317157129,"i_b":"VvrVjEYuCGQ/dNwX/DmO4HSQWFRJ68w4E2qFGT9L0ik","i_e":{"enable_itp_optimization":0},"i_et":1776315747297};] that contained an invalid cookie. That cookie will be ignored.
 Note: further occurrences of this error will be logged at DEBUG level.
2026-05-23T15:25:40.251+05:30  INFO 2684 --- [farm-gear-connect] [http-nio-8080-exec-6] o.a.c.c.C.[Tomcat].[localhost].[/api]    : Initializing Spring DispatcherServlet 'dispatcherServlet'
2026-05-23T15:25:40.251+05:30  INFO 2684 --- [farm-gear-connect] [http-nio-8080-exec-6] o.s.web.servlet.DispatcherServlet        : Initializing Servlet 'dispatcherServlet'
2026-05-23T15:25:40.253+05:30  INFO 2684 --- [farm-gear-connect] [http-nio-8080-exec-6] o.s.web.servlet.DispatcherServlet        : Completed initialization in 2 ms
2026-05-23T15:25:40.468+05:30 ERROR 2684 --- [farm-gear-connect] [http-nio-8080-exec-6] c.f.security.JwtTokenProvider            : JWT token is expired: JWT expired 84282467 milliseconds ago at 2026-05-22T10:30:58.000Z. Current time: 2026-05-23T09:55:40.467Z. Allowed clock skew: 0 milliseconds.
2026-05-23T15:55:20.617+05:30  INFO 2684 --- [farm-gear-connect] [MessageBroker-1] o.s.w.s.c.WebSocketMessageBrokerStats    : WebSocketSession[0 current WS(0)-HttpStream(0)-HttpPoll(0), 0 total, 0 closed abnormally (0 connect failure, 0 send limit, 0 transport error)], stompSubProtocol[processed CONNECT(0)-CONNECTED(0)-DISCONNECT(0)], stompBrokerRelay[null], inboundChannel[pool size = 0, active threads = 0, queued tasks = 0, completed tasks = 0], outboundChannel[pool size = 0, active threads = 0, queued tasks = 0, completed tasks = 0], sockJsScheduler[pool size = 2, active threads = 1, queued tasks = 0, completed tasks = 1]
