2026-05-19T11:38:02.792+05:30  INFO 20640 --- [farm-gear-connect] [main] c.f.FarmGearConnectApplication           : Starting FarmGearConnectApplication using Java 17.0.12 with PID 20640 (C:\Users\Asus\Documents\Farm-gear_testout - kiro\backend\target\classes started by Asus in C:\Users\Asus\Documents\Farm-gear_testout - kiro)
2026-05-19T11:38:02.803+05:30  INFO 20640 --- [farm-gear-connect] [main] c.f.FarmGearConnectApplication           : No active profile set, falling back to 1 default profile: "default"
2026-05-19T11:38:04.575+05:30  INFO 20640 --- [farm-gear-connect] [main] .s.d.r.c.RepositoryConfigurationDelegate : Multiple Spring Data modules found, entering strict repository configuration mode
2026-05-19T11:38:04.578+05:30  INFO 20640 --- [farm-gear-connect] [main] .s.d.r.c.RepositoryConfigurationDelegate : Bootstrapping Spring Data JPA repositories in DEFAULT mode.
2026-05-19T11:38:04.880+05:30  INFO 20640 --- [farm-gear-connect] [main] .s.d.r.c.RepositoryConfigurationDelegate : Finished Spring Data repository scanning in 292 ms. Found 12 JPA repository interfaces.
2026-05-19T11:38:04.902+05:30  INFO 20640 --- [farm-gear-connect] [main] .s.d.r.c.RepositoryConfigurationDelegate : Multiple Spring Data modules found, entering strict repository configuration mode
2026-05-19T11:38:04.904+05:30  INFO 20640 --- [farm-gear-connect] [main] .s.d.r.c.RepositoryConfigurationDelegate : Bootstrapping Spring Data Redis repositories in DEFAULT mode.
2026-05-19T11:38:04.932+05:30  INFO 20640 --- [farm-gear-connect] [main] .RepositoryConfigurationExtensionSupport : Spring Data Redis - Could not safely identify store assignment for repository candidate interface com.farmgearconnect.repository.AuditLogRepository; If you want this repository to be a Redis repository, consider annotating your entities with one of these annotations: org.springframework.data.redis.core.RedisHash (preferred), or consider extending one of the following types with your repository: org.springframework.data.keyvalue.repository.KeyValueRepository
2026-05-19T11:38:04.932+05:30  INFO 20640 --- [farm-gear-connect] [main] .RepositoryConfigurationExtensionSupport : Spring Data Redis - Could not safely identify store assignment for repository candidate interface com.farmgearconnect.repository.BookingRepository; If you want this repository to be a Redis repository, consider annotating your entities with one of these annotations: org.springframework.data.redis.core.RedisHash (preferred), or consider extending one of the following types with your repository: org.springframework.data.keyvalue.repository.KeyValueRepository
2026-05-19T11:38:04.932+05:30  INFO 20640 --- [farm-gear-connect] [main] .RepositoryConfigurationExtensionSupport : Spring Data Redis - Could not safely identify store assignment for repository candidate interface com.farmgearconnect.repository.CouponRepository; If you want this repository to be a Redis repository, consider annotating your entities with one of these annotations: org.springframework.data.redis.core.RedisHash (preferred), or consider extending one of the following types with your repository: org.springframework.data.keyvalue.repository.KeyValueRepository
2026-05-19T11:38:04.933+05:30  INFO 20640 --- [farm-gear-connect] [main] .RepositoryConfigurationExtensionSupport : Spring Data Redis - Could not safely identify store assignment for repository candidate interface com.farmgearconnect.repository.EquipmentImageRepository; If you want this repository to be a Redis repository, consider annotating your entities with one of these annotations: org.springframework.data.redis.core.RedisHash (preferred), or consider extending one of the following types with your repository: org.springframework.data.keyvalue.repository.KeyValueRepository
2026-05-19T11:38:04.934+05:30  INFO 20640 --- [farm-gear-connect] [main] .RepositoryConfigurationExtensionSupport : Spring Data Redis - Could not safely identify store assignment for repository candidate interface com.farmgearconnect.repository.EquipmentRepository; If you want this repository to be a Redis repository, consider annotating your entities with one of these annotations: org.springframework.data.redis.core.RedisHash (preferred), or consider extending one of the following types with your repository: org.springframework.data.keyvalue.repository.KeyValueRepository
2026-05-19T11:38:04.935+05:30  INFO 20640 --- [farm-gear-connect] [main] .RepositoryConfigurationExtensionSupport : Spring Data Redis - Could not safely identify store assignment for repository candidate interface com.farmgearconnect.repository.MessageRepository; If you want this repository to be a Redis repository, consider annotating your entities with one of these annotations: org.springframework.data.redis.core.RedisHash (preferred), or consider extending one of the following types with your repository: org.springframework.data.keyvalue.repository.KeyValueRepository
2026-05-19T11:38:04.936+05:30  INFO 20640 --- [farm-gear-connect] [main] .RepositoryConfigurationExtensionSupport : Spring Data Redis - Could not safely identify store assignment for repository candidate interface com.farmgearconnect.repository.NotificationRepository; If you want this repository to be a Redis repository, consider annotating your entities with one of these annotations: org.springframework.data.redis.core.RedisHash (preferred), or consider extending one of the following types with your repository: org.springframework.data.keyvalue.repository.KeyValueRepository
2026-05-19T11:38:04.936+05:30  INFO 20640 --- [farm-gear-connect] [main] .RepositoryConfigurationExtensionSupport : Spring Data Redis - Could not safely identify store assignment for repository candidate interface com.farmgearconnect.repository.OtpVerificationRepository; If you want this repository to be a Redis repository, consider annotating your entities with one of these annotations: org.springframework.data.redis.core.RedisHash (preferred), or consider extending one of the following types with your repository: org.springframework.data.keyvalue.repository.KeyValueRepository
2026-05-19T11:38:04.937+05:30  INFO 20640 --- [farm-gear-connect] [main] .RepositoryConfigurationExtensionSupport : Spring Data Redis - Could not safely identify store assignment for repository candidate interface com.farmgearconnect.repository.RefreshTokenRepository; If you want this repository to be a Redis repository, consider annotating your entities with one of these annotations: org.springframework.data.redis.core.RedisHash (preferred), or consider extending one of the following types with your repository: org.springframework.data.keyvalue.repository.KeyValueRepository
2026-05-19T11:38:04.938+05:30  INFO 20640 --- [farm-gear-connect] [main] .RepositoryConfigurationExtensionSupport : Spring Data Redis - Could not safely identify store assignment for repository candidate interface com.farmgearconnect.repository.ReviewRepository; If you want this repository to be a Redis repository, consider annotating your entities with one of these annotations: org.springframework.data.redis.core.RedisHash (preferred), or consider extending one of the following types with your repository: org.springframework.data.keyvalue.repository.KeyValueRepository
2026-05-19T11:38:04.938+05:30  INFO 20640 --- [farm-gear-connect] [main] .RepositoryConfigurationExtensionSupport : Spring Data Redis - Could not safely identify store assignment for repository candidate interface com.farmgearconnect.repository.SubscriptionRepository; If you want this repository to be a Redis repository, consider annotating your entities with one of these annotations: org.springframework.data.redis.core.RedisHash (preferred), or consider extending one of the following types with your repository: org.springframework.data.keyvalue.repository.KeyValueRepository
2026-05-19T11:38:04.939+05:30  INFO 20640 --- [farm-gear-connect] [main] .RepositoryConfigurationExtensionSupport : Spring Data Redis - Could not safely identify store assignment for repository candidate interface com.farmgearconnect.repository.UserRepository; If you want this repository to be a Redis repository, consider annotating your entities with one of these annotations: org.springframework.data.redis.core.RedisHash (preferred), or consider extending one of the following types with your repository: org.springframework.data.keyvalue.repository.KeyValueRepository
2026-05-19T11:38:04.940+05:30  INFO 20640 --- [farm-gear-connect] [main] .s.d.r.c.RepositoryConfigurationDelegate : Finished Spring Data repository scanning in 20 ms. Found 0 Redis repository interfaces.
2026-05-19T11:38:06.397+05:30  INFO 20640 --- [farm-gear-connect] [main] o.s.b.w.embedded.tomcat.TomcatWebServer  : Tomcat initialized with port 8080 (http)
2026-05-19T11:38:06.413+05:30  INFO 20640 --- [farm-gear-connect] [main] o.apache.catalina.core.StandardService   : Starting service [Tomcat]
2026-05-19T11:38:06.413+05:30  INFO 20640 --- [farm-gear-connect] [main] o.apache.catalina.core.StandardEngine    : Starting Servlet engine: [Apache Tomcat/10.1.19]
2026-05-19T11:38:06.509+05:30  INFO 20640 --- [farm-gear-connect] [main] o.a.c.c.C.[Tomcat].[localhost].[/api]    : Initializing Spring embedded WebApplicationContext
2026-05-19T11:38:06.509+05:30  INFO 20640 --- [farm-gear-connect] [main] w.s.c.ServletWebServerApplicationContext : Root WebApplicationContext: initialization completed in 3633 ms
2026-05-19T11:38:06.850+05:30  INFO 20640 --- [farm-gear-connect] [main] com.zaxxer.hikari.HikariDataSource       : HikariPool-1 - Starting...
2026-05-19T11:38:12.946+05:30  INFO 20640 --- [farm-gear-connect] [main] com.zaxxer.hikari.pool.HikariPool        : HikariPool-1 - Added connection com.mysql.cj.jdbc.ConnectionImpl@3a63d248
2026-05-19T11:38:12.950+05:30  INFO 20640 --- [farm-gear-connect] [main] com.zaxxer.hikari.HikariDataSource       : HikariPool-1 - Start completed.
2026-05-19T11:38:13.085+05:30  INFO 20640 --- [farm-gear-connect] [main] o.f.c.internal.license.VersionPrinter    : Flyway Community Edition 9.22.3 by Redgate
2026-05-19T11:38:13.085+05:30  INFO 20640 --- [farm-gear-connect] [main] o.f.c.internal.license.VersionPrinter    : See release notes here: https://rd.gt/416ObMi
2026-05-19T11:38:13.085+05:30  INFO 20640 --- [farm-gear-connect] [main] o.f.c.internal.license.VersionPrinter    : 
2026-05-19T11:38:13.769+05:30  INFO 20640 --- [farm-gear-connect] [main] org.flywaydb.core.FlywayExecutor         : Database: jdbc:mysql://localhost:3306/farmgearconnect (MySQL 8.0)
2026-05-19T11:38:13.951+05:30  INFO 20640 --- [farm-gear-connect] [main] o.f.c.i.s.JdbcTableSchemaHistory         : Creating Schema History table `farmgearconnect`.`flyway_schema_history` ...
2026-05-19T11:38:14.892+05:30  INFO 20640 --- [farm-gear-connect] [main] o.f.core.internal.command.DbMigrate      : Current version of schema `farmgearconnect`: << Empty Schema >>
2026-05-19T11:38:14.914+05:30  INFO 20640 --- [farm-gear-connect] [main] o.f.core.internal.command.DbMigrate      : Migrating schema `farmgearconnect` to version "1 - init schema"
2026-05-19T11:38:15.515+05:30  WARN 20640 --- [farm-gear-connect] [main] o.f.c.i.s.DefaultSqlScriptExecutor       : DB: Integer display width is deprecated and will be removed in a future release. (SQL State: HY000 - Error Code: 1681)
2026-05-19T11:38:15.516+05:30  WARN 20640 --- [farm-gear-connect] [main] o.f.c.i.s.DefaultSqlScriptExecutor       : DB: Integer display width is deprecated and will be removed in a future release. (SQL State: HY000 - Error Code: 1681)
2026-05-19T11:38:15.516+05:30  WARN 20640 --- [farm-gear-connect] [main] o.f.c.i.s.DefaultSqlScriptExecutor       : DB: Integer display width is deprecated and will be removed in a future release. (SQL State: HY000 - Error Code: 1681)
2026-05-19T11:38:15.516+05:30  WARN 20640 --- [farm-gear-connect] [main] o.f.c.i.s.DefaultSqlScriptExecutor       : DB: Integer display width is deprecated and will be removed in a future release. (SQL State: HY000 - Error Code: 1681)
2026-05-19T11:38:15.772+05:30  WARN 20640 --- [farm-gear-connect] [main] o.f.c.i.s.DefaultSqlScriptExecutor       : DB: Integer display width is deprecated and will be removed in a future release. (SQL State: HY000 - Error Code: 1681)
2026-05-19T11:38:16.138+05:30  WARN 20640 --- [farm-gear-connect] [main] o.f.c.i.s.DefaultSqlScriptExecutor       : DB: Integer display width is deprecated and will be removed in a future release. (SQL State: HY000 - Error Code: 1681)
2026-05-19T11:38:17.064+05:30  WARN 20640 --- [farm-gear-connect] [main] o.f.c.i.s.DefaultSqlScriptExecutor       : DB: Integer display width is deprecated and will be removed in a future release. (SQL State: HY000 - Error Code: 1681)
2026-05-19T11:38:17.064+05:30  WARN 20640 --- [farm-gear-connect] [main] o.f.c.i.s.DefaultSqlScriptExecutor       : DB: Integer display width is deprecated and will be removed in a future release. (SQL State: HY000 - Error Code: 1681)
2026-05-19T11:38:17.314+05:30  WARN 20640 --- [farm-gear-connect] [main] o.f.c.i.s.DefaultSqlScriptExecutor       : DB: Integer display width is deprecated and will be removed in a future release. (SQL State: HY000 - Error Code: 1681)
2026-05-19T11:38:17.523+05:30  WARN 20640 --- [farm-gear-connect] [main] o.f.c.i.s.DefaultSqlScriptExecutor       : DB: Integer display width is deprecated and will be removed in a future release. (SQL State: HY000 - Error Code: 1681)
2026-05-19T11:38:17.523+05:30  WARN 20640 --- [farm-gear-connect] [main] o.f.c.i.s.DefaultSqlScriptExecutor       : DB: Integer display width is deprecated and will be removed in a future release. (SQL State: HY000 - Error Code: 1681)
2026-05-19T11:38:17.629+05:30  WARN 20640 --- [farm-gear-connect] [main] o.f.c.i.s.DefaultSqlScriptExecutor       : DB: Integer display width is deprecated and will be removed in a future release. (SQL State: HY000 - Error Code: 1681)
2026-05-19T11:38:18.030+05:30  WARN 20640 --- [farm-gear-connect] [main] o.f.c.i.s.DefaultSqlScriptExecutor       : DB: Integer display width is deprecated and will be removed in a future release. (SQL State: HY000 - Error Code: 1681)
2026-05-19T11:38:18.030+05:30  WARN 20640 --- [farm-gear-connect] [main] o.f.c.i.s.DefaultSqlScriptExecutor       : DB: Integer display width is deprecated and will be removed in a future release. (SQL State: HY000 - Error Code: 1681)
2026-05-19T11:38:18.265+05:30  WARN 20640 --- [farm-gear-connect] [main] o.f.c.i.s.DefaultSqlScriptExecutor       : DB: Integer display width is deprecated and will be removed in a future release. (SQL State: HY000 - Error Code: 1681)
2026-05-19T11:38:18.342+05:30  WARN 20640 --- [farm-gear-connect] [main] o.f.c.i.s.DefaultSqlScriptExecutor       : DB: Integer display width is deprecated and will be removed in a future release. (SQL State: HY000 - Error Code: 1681)
2026-05-19T11:38:18.704+05:30  INFO 20640 --- [farm-gear-connect] [main] o.f.core.internal.command.DbMigrate      : Migrating schema `farmgearconnect` to version "2 - seed data"
2026-05-19T11:38:18.977+05:30  INFO 20640 --- [farm-gear-connect] [main] o.f.core.internal.command.DbMigrate      : Migrating schema `farmgearconnect` to version "3 - fix passwords"
2026-05-19T11:38:19.038+05:30  INFO 20640 --- [farm-gear-connect] [main] o.f.core.internal.command.DbMigrate      : Migrating schema `farmgearconnect` to version "4 - profile photo longtext"
2026-05-19T11:38:19.294+05:30  INFO 20640 --- [farm-gear-connect] [main] o.f.core.internal.command.DbMigrate      : Successfully applied 4 migrations to schema `farmgearconnect`, now at version v4 (execution time 00:04.258s)
2026-05-19T11:38:19.423+05:30  INFO 20640 --- [farm-gear-connect] [main] o.hibernate.jpa.internal.util.LogHelper  : HHH000204: Processing PersistenceUnitInfo [name: default]
2026-05-19T11:38:19.503+05:30  INFO 20640 --- [farm-gear-connect] [main] org.hibernate.Version                    : HHH000412: Hibernate ORM core version 6.4.4.Final
2026-05-19T11:38:19.579+05:30  INFO 20640 --- [farm-gear-connect] [main] o.h.c.internal.RegionFactoryInitiator    : HHH000026: Second-level cache disabled
2026-05-19T11:38:19.919+05:30  INFO 20640 --- [farm-gear-connect] [main] o.s.o.j.p.SpringPersistenceUnitInfo      : No LoadTimeWeaver setup: ignoring JPA class transformer
2026-05-19T11:38:20.056+05:30  WARN 20640 --- [farm-gear-connect] [main] org.hibernate.orm.deprecation            : HHH90000025: MySQLDialect does not need to be specified explicitly using 'hibernate.dialect' (remove the property setting and it will be selected by default)
2026-05-19T11:38:20.096+05:30  WARN 20640 --- [farm-gear-connect] [main] org.hibernate.orm.incubating             : HHH90006001: Encountered incubating setting [hibernate.type.preferred_uuid_jdbc_type].  See javadoc on corresponding `org.hibernate.cfg.AvailableSettings` constant for details.
2026-05-19T11:38:20.538+05:30  WARN 20640 --- [farm-gear-connect] [main] org.hibernate.orm.incubating             : HHH90006001: Encountered incubating setting [hibernate.type.preferred_uuid_jdbc_type].  See javadoc on corresponding `org.hibernate.cfg.AvailableSettings` constant for details.
2026-05-19T11:38:21.734+05:30  INFO 20640 --- [farm-gear-connect] [main] o.h.e.t.j.p.i.JtaPlatformInitiator       : HHH000489: No JTA platform available (set 'hibernate.transaction.jta.platform' to enable JTA platform integration)
2026-05-19T11:38:21.739+05:30  INFO 20640 --- [farm-gear-connect] [main] j.LocalContainerEntityManagerFactoryBean : Initialized JPA EntityManagerFactory for persistence unit 'default'
2026-05-19T11:38:22.148+05:30  INFO 20640 --- [farm-gear-connect] [main] o.s.d.j.r.query.QueryEnhancerFactory     : Hibernate is in classpath; If applicable, HQL parser will be used.
2026-05-19T11:38:24.700+05:30  INFO 20640 --- [farm-gear-connect] [main] c.farmgearconnect.config.StorageConfig   : Initializing MinIO client with endpoint: http://localhost:9000
2026-05-19T11:38:25.062+05:30  WARN 20640 --- [farm-gear-connect] [main] JpaBaseConfiguration$JpaWebConfiguration : spring.jpa.open-in-view is enabled by default. Therefore, database queries may be performed during view rendering. Explicitly configure spring.jpa.open-in-view to disable this warning
2026-05-19T11:38:26.328+05:30  INFO 20640 --- [farm-gear-connect] [main] o.s.b.a.e.web.EndpointLinksResolver      : Exposing 3 endpoint(s) beneath base path '/actuator'
2026-05-19T11:38:28.299+05:30  INFO 20640 --- [farm-gear-connect] [main] o.s.b.w.embedded.tomcat.TomcatWebServer  : Tomcat started on port 8080 (http) with context path '/api'
2026-05-19T11:38:28.303+05:30  INFO 20640 --- [farm-gear-connect] [main] o.s.m.s.b.SimpleBrokerMessageHandler     : Starting...
2026-05-19T11:38:28.304+05:30  INFO 20640 --- [farm-gear-connect] [main] o.s.m.s.b.SimpleBrokerMessageHandler     : BrokerAvailabilityEvent[available=true, SimpleBrokerMessageHandler [org.springframework.messaging.simp.broker.DefaultSubscriptionRegistry@283f20ea]]
2026-05-19T11:38:28.305+05:30  INFO 20640 --- [farm-gear-connect] [main] o.s.m.s.b.SimpleBrokerMessageHandler     : Started.
2026-05-19T11:38:28.323+05:30  INFO 20640 --- [farm-gear-connect] [main] c.f.FarmGearConnectApplication           : Started FarmGearConnectApplication in 26.288 seconds (process running for 27.347)
2026-05-19T11:39:28.061+05:30  INFO 20640 --- [farm-gear-connect] [MessageBroker-1] o.s.w.s.c.WebSocketMessageBrokerStats    : WebSocketSession[0 current WS(0)-HttpStream(0)-HttpPoll(0), 0 total, 0 closed abnormally (0 connect failure, 0 send limit, 0 transport error)], stompSubProtocol[processed CONNECT(0)-CONNECTED(0)-DISCONNECT(0)], stompBrokerRelay[null], inboundChannel[pool size = 0, active threads = 0, queued tasks = 0, completed tasks = 0], outboundChannel[pool size = 0, active threads = 0, queued tasks = 0, completed tasks = 0], sockJsScheduler[pool size = 1, active threads = 1, queued tasks = 0, completed tasks = 0]
2026-05-19T12:09:29.180+05:30  INFO 20640 --- [farm-gear-connect] [MessageBroker-1] o.s.w.s.c.WebSocketMessageBrokerStats    : WebSocketSession[0 current WS(0)-HttpStream(0)-HttpPoll(0), 0 total, 0 closed abnormally (0 connect failure, 0 send limit, 0 transport error)], stompSubProtocol[processed CONNECT(0)-CONNECTED(0)-DISCONNECT(0)], stompBrokerRelay[null], inboundChannel[pool size = 0, active threads = 0, queued tasks = 0, completed tasks = 0], outboundChannel[pool size = 0, active threads = 0, queued tasks = 0, completed tasks = 0], sockJsScheduler[pool size = 2, active threads = 1, queued tasks = 0, completed tasks = 1]
2026-05-19T12:39:29.625+05:30  INFO 20640 --- [farm-gear-connect] [MessageBroker-2] o.s.w.s.c.WebSocketMessageBrokerStats    : WebSocketSession[0 current WS(0)-HttpStream(0)-HttpPoll(0), 0 total, 0 closed abnormally (0 connect failure, 0 send limit, 0 transport error)], stompSubProtocol[processed CONNECT(0)-CONNECTED(0)-DISCONNECT(0)], stompBrokerRelay[null], inboundChannel[pool size = 0, active threads = 0, queued tasks = 0, completed tasks = 0], outboundChannel[pool size = 0, active threads = 0, queued tasks = 0, completed tasks = 0], sockJsScheduler[pool size = 3, active threads = 1, queued tasks = 0, completed tasks = 2]
2026-05-19T12:47:31.988+05:30  INFO 20640 --- [farm-gear-connect] [http-nio-8080-exec-2] o.a.c.c.C.[Tomcat].[localhost].[/api]    : Initializing Spring DispatcherServlet 'dispatcherServlet'
2026-05-19T12:47:32.134+05:30  INFO 20640 --- [farm-gear-connect] [http-nio-8080-exec-2] o.s.web.servlet.DispatcherServlet        : Initializing Servlet 'dispatcherServlet'
2026-05-19T12:47:40.525+05:30  INFO 20640 --- [farm-gear-connect] [http-nio-8080-exec-2] o.s.web.servlet.DispatcherServlet        : Completed initialization in 8232 ms
2026-05-19T13:09:29.687+05:30  INFO 20640 --- [farm-gear-connect] [MessageBroker-1] o.s.w.s.c.WebSocketMessageBrokerStats    : WebSocketSession[0 current WS(0)-HttpStream(0)-HttpPoll(0), 0 total, 0 closed abnormally (0 connect failure, 0 send limit, 0 transport error)], stompSubProtocol[processed CONNECT(0)-CONNECTED(0)-DISCONNECT(0)], stompBrokerRelay[null], inboundChannel[pool size = 0, active threads = 0, queued tasks = 0, completed tasks = 0], outboundChannel[pool size = 0, active threads = 0, queued tasks = 0, completed tasks = 0], sockJsScheduler[pool size = 4, active threads = 1, queued tasks = 0, completed tasks = 3]
2026-05-19T13:39:29.696+05:30  INFO 20640 --- [farm-gear-connect] [MessageBroker-3] o.s.w.s.c.WebSocketMessageBrokerStats    : WebSocketSession[0 current WS(0)-HttpStream(0)-HttpPoll(0), 0 total, 0 closed abnormally (0 connect failure, 0 send limit, 0 transport error)], stompSubProtocol[processed CONNECT(0)-CONNECTED(0)-DISCONNECT(0)], stompBrokerRelay[null], inboundChannel[pool size = 0, active threads = 0, queued tasks = 0, completed tasks = 0], outboundChannel[pool size = 0, active threads = 0, queued tasks = 0, completed tasks = 0], sockJsScheduler[pool size = 5, active threads = 1, queued tasks = 0, completed tasks = 4]
2026-05-19T14:09:29.708+05:30  INFO 20640 --- [farm-gear-connect] [MessageBroker-3] o.s.w.s.c.WebSocketMessageBrokerStats    : WebSocketSession[0 current WS(0)-HttpStream(0)-HttpPoll(0), 0 total, 0 closed abnormally (0 connect failure, 0 send limit, 0 transport error)], stompSubProtocol[processed CONNECT(0)-CONNECTED(0)-DISCONNECT(0)], stompBrokerRelay[null], inboundChannel[pool size = 0, active threads = 0, queued tasks = 0, completed tasks = 0], outboundChannel[pool size = 0, active threads = 0, queued tasks = 0, completed tasks = 0], sockJsScheduler[pool size = 6, active threads = 1, queued tasks = 0, completed tasks = 5]
